__________________________________________________________________________

Fri Apr 03 08:09:00 IST 2020

Free Memory: 44077 kB
Total Memory: 84480 kB

java.class.path:
    C:\Users\upparav\AppData\Local\Temp\I1585923807\InstallerData\IAClasses.zip
    C:\Users\upparav\AppData\Local\Temp\I1585923807\InstallerData\Execute.zip
    C:\Users\upparav\AppData\Local\Temp\I1585923807\Windows_Pure_64_Bit\InstallerData\Execute.zip
    C:\Users\upparav\AppData\Local\Temp\I1585923807\InstallerData\Resource1.zip
    C:\Users\upparav\AppData\Local\Temp\I1585923807\Windows_Pure_64_Bit\InstallerData\Resource1.zip
    C:\Users\upparav\AppData\Local\Temp\I1585923807\InstallerData
    C:\Users\upparav\AppData\Local\Temp\I1585923807\Windows_Pure_64_Bit\InstallerData

ZGUtil.CLASS_PATH:
    C:\Users\upparav\AppData\Local\Temp\I1585923807\InstallerData\IAClasses.zip
    C:\Users\upparav\AppData\Local\Temp\I1585923807\InstallerData\Execute.zip
    C:\Users\upparav\AppData\Local\Temp\I1585923807\InstallerData

sun.boot.class.path:
    C:\Users\upparav\AppData\Local\Temp\I1585923807\Windows_Pure_64_Bit\resource\jre\lib\resources.jar
    C:\Users\upparav\AppData\Local\Temp\I1585923807\Windows_Pure_64_Bit\resource\jre\lib\rt.jar
    C:\Users\upparav\AppData\Local\Temp\I1585923807\Windows_Pure_64_Bit\resource\jre\lib\sunrsasign.jar
    C:\Users\upparav\AppData\Local\Temp\I1585923807\Windows_Pure_64_Bit\resource\jre\lib\jsse.jar
    C:\Users\upparav\AppData\Local\Temp\I1585923807\Windows_Pure_64_Bit\resource\jre\lib\jce.jar
    C:\Users\upparav\AppData\Local\Temp\I1585923807\Windows_Pure_64_Bit\resource\jre\lib\charsets.jar
    C:\Users\upparav\AppData\Local\Temp\I1585923807\Windows_Pure_64_Bit\resource\jre\lib\jfr.jar
    C:\Users\upparav\AppData\Local\Temp\I1585923807\Windows_Pure_64_Bit\resource\jre\classes

java.ext.dirs:
    C:\Users\upparav\AppData\Local\Temp\I1585923807\Windows_Pure_64_Bit\resource\jre\lib\ext
    C:\WINDOWS\Sun\Java\lib\ext

java.version                  == 1.8.0_232 (Java 1)
java.vm.name                  == OpenJDK 64-Bit Server VM
java.vm.vendor                == 
java.vm.version               == 25.232-b09
java.vm.specification.name    == Java Virtual Machine Specification
java.vm.specification.vendor  == Oracle Corporation
java.vm.specification.version == 1.8
java.specification.name       == Java Platform API Specification
java.specification.vendor     == Oracle Corporation
java.specification.version    == 1.8
java.vendor                   == AdoptOpenJDK
java.vendor.url               == http://java.oracle.com/
java.class.version            == 52.0
java.library.path             == C:\Users\upparav\AppData\Local\Temp\I1585923807\Windows_Pure_64_Bit\resource\jre\bin;C:\WINDOWS\Sun\Java\bin;C:\WINDOWS\system32;C:\WINDOWS;C:\Program Files (x86)\Common Files\Oracle\Java\javapath;C:\ProgramData\Oracle\Java\javapath;C:\WINDOWS\system32;C:\WINDOWS;C:\WINDOWS\System32\Wbem;C:\WINDOWS\System32\WindowsPowerShell\v1.0\;C:\Program Files (x86)\Webex\Webex\Applications;C:\Program Files (x86)\Sennheiser\SoftphoneSDK\;C:\Program Files (x86)\Java\jdk1.8.0_221\bin;C:\Program Files (x86)\Bitvise SSH Client;C:\Program Files (x86)\Java\jre1.8.0_241\bin;C:\Program Files\apache-maven-3.6.2\bin;C:\Program Files\PuTTY\;C:\Program Files\TortoiseSVN\bin;C:\WINDOWS\System32\OpenSSH\;C:\Program Files\Intel\WiFi\bin\;C:\Program Files\Common Files\Intel\WirelessCommon\;C:\Users\upparav\AppData\Local\Microsoft\WindowsApps;;.
java.compiler                 == null
java.home                     == C:\Users\upparav\AppData\Local\Temp\I1585923807\Windows_Pure_64_Bit\resource\jre
java.io.tmpdir                == C:\Users\upparav\AppData\Local\Temp\
os.name                       == Microsoft Windows 10 Enterprise
os.arch                       == amd64
os.version                    == 10.0.18363
path.separator                == ;
file.separator                == \
file.encoding                 == Cp1252
user.name                     == upparav
user.home                     == C:\Users\upparav
user.dir                      == C:\Users\upparav\AppData\Local\Temp\I1585923807\Windows_Pure_64_Bit
user.language                 == en
user.region                   == null
__________________________________________________________________________

Installed Feature(s) AppStud, Tomcat of App Studio

Install Begin: APRIL 3, 2020 7:56:18 PM IST
Install End: APRIL 3, 2020 8:07:53 PM IST

Installed by InstallAnywhere 19.0 Premier Build 5868

INSTALLATION WAS CANCELLED BY USER DURING PRE-INSTALLATION

User Interactions
-----------------


Summary
-------

Installation:  Cancelled during pre-install.

124 Successes
0 Warnings
0 NonFatalErrors
0 FatalErrors

Action Notes:

None

Install Log Detail:

Check Disk Space:         C:\ibi
                          Status: SUCCESSFUL
                          Additional Notes: NOTE - Required Disk Space:1,546,666,571 Bytes Free Disk Space:806,307,618,816 Bytes 













Custom Action:            com.zerog.ia.customcode.util.fileutils.ExtractToFile
                          Status: SUCCESSFUL


























Custom Action:            com.ibi.webfocus.setup.GetSystemVariable
                          Status: SUCCESSFUL

































































Custom Action:            com.ibi.logIBI.GetUniqueFileName
                          Status: SUCCESSFUL

Custom Action:            com.ibi.logIBI.InitLog
                          Status: SUCCESSFUL

Custom Action:            com.ibi.webfocus.setup.AbortIf32BitBundledVMOn64
                          Status: SUCCESSFUL


Custom Action:            com.ibi.webfocus.setup.GetShortPath
                          Status: SUCCESSFUL


Get Registry Entry:       Key: HKEY_LOCAL_MACHINE\SOFTWARE\Microsoft\Internet Explorer
                          Value Name: Version
                          Status: SUCCESSFUL

Get Registry Entry:       Key: HKEY_LOCAL_MACHINE\SOFTWARE\Microsoft\INetStp
                          Value Name: MajorVersion
                          Status: SUCCESSFUL

Custom Action:            com.ibi.webfocus.setup.SearchForWebfocus
                          Status: SUCCESSFUL

Custom Action:            com.ibi.webfocus.setup.SearchForTomcat
                          Status: SUCCESSFUL

Custom Action:            com.ibi.webfocus.setup.DefaultPorts
                          Status: SUCCESSFUL


Custom Action:            com.ibi.logIBI.LogStatus
                          Status: SUCCESSFUL


Custom Action:            com.ibi.logIBI.LogStatus
                          Status: SUCCESSFUL


Custom Action:            com.ibi.webfocus.setup.SearchForIIS
                          Status: SUCCESSFUL

Custom Action:            com.ibi.webfocus.setup.SetupVariables
                          Status: SUCCESSFUL

Custom Action:            com.ibi.webfocus.setup.SetupMagicFolders
                          Status: SUCCESSFUL


INSTALLATION WAS CANCELLED BY USER DURING PRE-INSTALLATION
